<?xml version="1.0" encoding="UTF-8"?>
<!-- Generated by org.testng.reporters.JUnitXMLReporter -->
<testsuite ignored="0" hostname="DESKTOP-2GUQO5V" failures="2" tests="5" name="GroupingTest" time="30.682" errors="0" timestamp="2024-07-23T11:21:44 IST">
  <testcase classname="testCases.TC_001_AccountRegistrationTest" name="registrationTest" time="4.534">
    <failure type="java.lang.AssertionError" message="expected [true] but found [false]">
      <![CDATA[java.lang.AssertionError: expected [true] but found [false]
at testCases.TC_001_AccountRegistrationTest.registrationTest(TC_001_AccountRegistrationTest.java:58)
at java.base/java.util.ArrayList.forEach(ArrayList.java:1511)
... Removed 31 stack frames]]>
    </failure>
  </testcase> <!-- registrationTest -->
  <testcase classname="testCases.TC_002_NavigateToRegister" name="testNavigateToRegisterViaRegister" time="0.495"/>
  <testcase classname="testCases.TC_002_NavigateToRegister" name="testNavigateToRegisterViaLogin_NewCustomer" time="3.448"/>
  <testcase classname="testCases.TC_002_NavigateToRegister" name="testNavigateToRegisterViaLogin_Register" time="3.454"/>
  <testcase classname="testCases.TC_003_ValidLogin" name="testValidLogin" time="5.75">
    <failure type="java.lang.AssertionError" message="expected [true] but found [false]">
      <![CDATA[java.lang.AssertionError: expected [true] but found [false]
at testCases.TC_003_ValidLogin.testValidLogin(TC_003_ValidLogin.java:45)
at java.base/java.util.ArrayList.forEach(ArrayList.java:1511)
... Removed 31 stack frames]]>
    </failure>
  </testcase> <!-- testValidLogin -->
</testsuite> <!-- GroupingTest -->
